c:\users\hrith\desktop\opengl\project2\debug\vc142.pdb
c:\users\hrith\desktop\opengl\project2\debug\vc142.idb
c:\users\hrith\desktop\opengl\project2\debug\source.obj
c:\users\hrith\desktop\opengl\project2\debug\bl_empty.obj
c:\users\hrith\desktop\opengl\project2\debug\project2.pdb
c:\users\hrith\desktop\opengl\project2\debug\project2.tlog\cl.command.1.tlog
c:\users\hrith\desktop\opengl\project2\debug\project2.tlog\cl.read.1.tlog
c:\users\hrith\desktop\opengl\project2\debug\project2.tlog\cl.write.1.tlog
c:\users\hrith\desktop\opengl\project2\debug\project2.tlog\link-cvtres.read.1.tlog
c:\users\hrith\desktop\opengl\project2\debug\project2.tlog\link-cvtres.write.1.tlog
c:\users\hrith\desktop\opengl\project2\debug\project2.tlog\link-rc.read.1.tlog
c:\users\hrith\desktop\opengl\project2\debug\project2.tlog\link-rc.write.1.tlog
c:\users\hrith\desktop\opengl\project2\debug\project2.tlog\link.18464-cvtres.read.1.tlog
c:\users\hrith\desktop\opengl\project2\debug\project2.tlog\link.18464-cvtres.write.1.tlog
c:\users\hrith\desktop\opengl\project2\debug\project2.tlog\link.18464-rc.read.1.tlog
c:\users\hrith\desktop\opengl\project2\debug\project2.tlog\link.18464-rc.write.1.tlog
c:\users\hrith\desktop\opengl\project2\debug\project2.tlog\link.18464.read.1.tlog
c:\users\hrith\desktop\opengl\project2\debug\project2.tlog\link.18464.write.1.tlog
c:\users\hrith\desktop\opengl\project2\debug\project2.tlog\link.command.1.tlog
c:\users\hrith\desktop\opengl\project2\debug\project2.tlog\link.read.1.tlog
c:\users\hrith\desktop\opengl\project2\debug\project2.tlog\link.write.1.tlog
